<?xml version="1.0" encoding="UTF-8"?>
<testng-results ignored="0" total="4" passed="3" failed="1" skipped="0">
  <reporter-output>
    <line>
      <![CDATA[<img src='file://D:\Project\Java\TestNG\CucumberTestEnji\src\test\resources\SS\20220620_135327.PNG'height="350" width="792"/>]]>
    </line>
    <line>
      <![CDATA[<img src='file://D:\Project\Java\TestNG\CucumberTestEnji\src\test\resources\SS\20220620_135334.PNG'height="350" width="792"/>]]>
    </line>
    <line>
      <![CDATA[<img src='file://D:\Project\Java\TestNG\CucumberTestEnji\src\test\resources\SS\20220620_135341.PNG'height="350" width="792"/>]]>
    </line>
    <line>
      <![CDATA[<img src='file://D:\Project\Java\TestNG\CucumberTestEnji\src\test\resources\SS\20220620_135347.PNG'height="350" width="792"/>]]>
    </line>
  </reporter-output>
  <suite started-at="2022-06-20T13:53:17 ICT" name="Default suite" finished-at="2022-06-20T13:53:50 ICT" duration-ms="33371">
    <groups>
      <group name="cucumber">
        <method signature="AbstractTestNGCucumberTests.runScenario(io.cucumber.testng.PickleWrapper,io.cucumber.testng.FeatureWrapper)[pri:0, instance:com.nexsoft.cucumber.runner.LoginRunner@74ea2410]" name="runScenario" class="io.cucumber.testng.AbstractTestNGCucumberTests"/>
      </group> <!-- cucumber -->
    </groups>
    <test started-at="2022-06-20T13:53:17 ICT" name="Default test" finished-at="2022-06-20T13:53:50 ICT" duration-ms="33371">
      <class name="com.nexsoft.cucumber.runner.LoginRunner">
        <test-method is-config="true" signature="setUpClass(org.testng.ITestContext)[pri:0, instance:com.nexsoft.cucumber.runner.LoginRunner@74ea2410]" started-at="2022-06-20T13:53:17 ICT" name="setUpClass" finished-at="2022-06-20T13:53:19 ICT" duration-ms="1541" status="PASS">
          <params>
            <param index="0">
              <value>
                <![CDATA[org.testng.TestRunner@697a0948]]>
              </value>
            </param>
          </params>
          <reporter-output>
          </reporter-output>
        </test-method> <!-- setUpClass -->
        <test-method signature="runScenario(io.cucumber.testng.PickleWrapper,io.cucumber.testng.FeatureWrapper)[pri:0, instance:com.nexsoft.cucumber.runner.LoginRunner@74ea2410]" started-at="2022-06-20T13:53:19 ICT" name="runScenario" description="Runs Cucumber Scenarios" data-provider="scenarios" finished-at="2022-06-20T13:53:28 ICT" duration-ms="9192" status="FAIL">
          <params>
            <param index="0">
              <value>
                <![CDATA["Login with valid credentials"]]>
              </value>
            </param>
            <param index="1">
              <value>
                <![CDATA["Login to Cicool Dashboard"]]>
              </value>
            </param>
          </params>
          <exception class="io.cucumber.core.runner.AmbiguousStepDefinitionsException">
            <message>
              <![CDATA["User input username as "mnaauval@gmail.com"" matches more than one step definition:
  "User input username (.*)$" in com.nexsoft.cucumber.definition.LoginDefinition.inputNotValidUname(java.lang.String)
  "User input username as {string}" in com.nexsoft.cucumber.definition.LoginDefinition.inputValidUname(java.lang.String)]]>
            </message>
            <full-stacktrace>
              <![CDATA[io.cucumber.core.runner.AmbiguousStepDefinitionsException: "User input username as "mnaauval@gmail.com"" matches more than one step definition:
  "User input username (.*)$" in com.nexsoft.cucumber.definition.LoginDefinition.inputNotValidUname(java.lang.String)
  "User input username as {string}" in com.nexsoft.cucumber.definition.LoginDefinition.inputValidUname(java.lang.String)
at io.cucumber.core.runner.CachingGlue.findStepDefinitionMatch(CachingGlue.java:402)
at io.cucumber.core.runner.CachingGlue.stepDefinitionMatch(CachingGlue.java:370)
at io.cucumber.core.runner.Runner.matchStepToStepDefinition(Runner.java:183)
at io.cucumber.core.runner.Runner.createTestStepsForPickleSteps(Runner.java:163)
at io.cucumber.core.runner.Runner.createTestCaseForPickle(Runner.java:146)
at io.cucumber.core.runner.Runner.runPickle(Runner.java:74)
at io.cucumber.testng.TestNGCucumberRunner.lambda$runScenario$1(TestNGCucumberRunner.java:132)
at io.cucumber.core.runtime.CucumberExecutionContext.lambda$runTestCase$5(CucumberExecutionContext.java:129)
at io.cucumber.core.runtime.RethrowingThrowableCollector.executeAndThrow(RethrowingThrowableCollector.java:23)
at io.cucumber.core.runtime.CucumberExecutionContext.runTestCase(CucumberExecutionContext.java:129)
at io.cucumber.testng.TestNGCucumberRunner.runScenario(TestNGCucumberRunner.java:129)
at io.cucumber.testng.AbstractTestNGCucumberTests.runScenario(AbstractTestNGCucumberTests.java:35)
at java.base/jdk.internal.reflect.NativeMethodAccessorImpl.invoke0(Native Method)
at java.base/jdk.internal.reflect.NativeMethodAccessorImpl.invoke(NativeMethodAccessorImpl.java:77)
at java.base/jdk.internal.reflect.DelegatingMethodAccessorImpl.invoke(DelegatingMethodAccessorImpl.java:43)
at java.base/java.lang.reflect.Method.invoke(Method.java:568)
at org.testng.internal.invokers.MethodInvocationHelper.invokeMethod(MethodInvocationHelper.java:139)
at org.testng.internal.invokers.TestInvoker.invokeMethod(TestInvoker.java:677)
at org.testng.internal.invokers.TestInvoker.invokeTestMethod(TestInvoker.java:221)
at org.testng.internal.invokers.MethodRunner.runInSequence(MethodRunner.java:50)
at org.testng.internal.invokers.TestInvoker$MethodInvocationAgent.invoke(TestInvoker.java:962)
at org.testng.internal.invokers.TestInvoker.invokeTestMethods(TestInvoker.java:194)
at org.testng.internal.invokers.TestMethodWorker.invokeTestMethods(TestMethodWorker.java:148)
at org.testng.internal.invokers.TestMethodWorker.run(TestMethodWorker.java:128)
at java.base/java.util.ArrayList.forEach(ArrayList.java:1511)
at org.testng.TestRunner.privateRun(TestRunner.java:806)
at org.testng.TestRunner.run(TestRunner.java:601)
at org.testng.SuiteRunner.runTest(SuiteRunner.java:433)
at org.testng.SuiteRunner.runSequentially(SuiteRunner.java:427)
at org.testng.SuiteRunner.privateRun(SuiteRunner.java:387)
at org.testng.SuiteRunner.run(SuiteRunner.java:330)
at org.testng.SuiteRunnerWorker.runSuite(SuiteRunnerWorker.java:52)
at org.testng.SuiteRunnerWorker.run(SuiteRunnerWorker.java:95)
at org.testng.TestNG.runSuitesSequentially(TestNG.java:1256)
at org.testng.TestNG.runSuitesLocally(TestNG.java:1176)
at org.testng.TestNG.runSuites(TestNG.java:1099)
at org.testng.TestNG.run(TestNG.java:1067)
at org.testng.remote.AbstractRemoteTestNG.run(AbstractRemoteTestNG.java:115)
at org.testng.remote.RemoteTestNG.initAndRun(RemoteTestNG.java:251)
at org.testng.remote.RemoteTestNG.main(RemoteTestNG.java:77)
]]>
            </full-stacktrace>
          </exception> <!-- io.cucumber.core.runner.AmbiguousStepDefinitionsException -->
          <reporter-output>
            <line>
              <![CDATA[<img src='file://D:\Project\Java\TestNG\CucumberTestEnji\src\test\resources\SS\20220620_135327.PNG'height="350" width="792"/>]]>
            </line>
          </reporter-output>
        </test-method> <!-- runScenario -->
        <test-method signature="runScenario(io.cucumber.testng.PickleWrapper,io.cucumber.testng.FeatureWrapper)[pri:0, instance:com.nexsoft.cucumber.runner.LoginRunner@74ea2410]" started-at="2022-06-20T13:53:28 ICT" name="runScenario" description="Runs Cucumber Scenarios" data-provider="scenarios" finished-at="2022-06-20T13:53:35 ICT" duration-ms="6922" status="PASS">
          <params>
            <param index="0">
              <value>
                <![CDATA["Login with not valid credentials"]]>
              </value>
            </param>
            <param index="1">
              <value>
                <![CDATA["Login to Cicool Dashboard"]]>
              </value>
            </param>
          </params>
          <reporter-output>
            <line>
              <![CDATA[<img src='file://D:\Project\Java\TestNG\CucumberTestEnji\src\test\resources\SS\20220620_135334.PNG'height="350" width="792"/>]]>
            </line>
          </reporter-output>
        </test-method> <!-- runScenario -->
        <test-method signature="runScenario(io.cucumber.testng.PickleWrapper,io.cucumber.testng.FeatureWrapper)[pri:0, instance:com.nexsoft.cucumber.runner.LoginRunner@74ea2410]" started-at="2022-06-20T13:53:35 ICT" name="runScenario" description="Runs Cucumber Scenarios" data-provider="scenarios" finished-at="2022-06-20T13:53:42 ICT" duration-ms="6767" status="PASS">
          <params>
            <param index="0">
              <value>
                <![CDATA["Login with not valid credentials"]]>
              </value>
            </param>
            <param index="1">
              <value>
                <![CDATA["Login to Cicool Dashboard"]]>
              </value>
            </param>
          </params>
          <reporter-output>
            <line>
              <![CDATA[<img src='file://D:\Project\Java\TestNG\CucumberTestEnji\src\test\resources\SS\20220620_135341.PNG'height="350" width="792"/>]]>
            </line>
          </reporter-output>
        </test-method> <!-- runScenario -->
        <test-method signature="runScenario(io.cucumber.testng.PickleWrapper,io.cucumber.testng.FeatureWrapper)[pri:0, instance:com.nexsoft.cucumber.runner.LoginRunner@74ea2410]" started-at="2022-06-20T13:53:42 ICT" name="runScenario" description="Runs Cucumber Scenarios" data-provider="scenarios" finished-at="2022-06-20T13:53:47 ICT" duration-ms="5727" status="PASS">
          <params>
            <param index="0">
              <value>
                <![CDATA["Login with not valid credentials"]]>
              </value>
            </param>
            <param index="1">
              <value>
                <![CDATA["Login to Cicool Dashboard"]]>
              </value>
            </param>
          </params>
          <reporter-output>
            <line>
              <![CDATA[<img src='file://D:\Project\Java\TestNG\CucumberTestEnji\src\test\resources\SS\20220620_135347.PNG'height="350" width="792"/>]]>
            </line>
          </reporter-output>
        </test-method> <!-- runScenario -->
        <test-method is-config="true" signature="tearDownClass()[pri:0, instance:com.nexsoft.cucumber.runner.LoginRunner@74ea2410]" started-at="2022-06-20T13:53:47 ICT" name="tearDownClass" finished-at="2022-06-20T13:53:50 ICT" duration-ms="3061" status="PASS">
          <reporter-output>
          </reporter-output>
        </test-method> <!-- tearDownClass -->
      </class> <!-- com.nexsoft.cucumber.runner.LoginRunner -->
    </test> <!-- Default test -->
  </suite> <!-- Default suite -->
</testng-results>
